<?xml version="1.0" encoding="UTF-8"?>
<coverage generated="1778173245113" clover="3.2.0">
  <project timestamp="1778173245113" name="All files">
    <metrics statements="13" coveredstatements="13" conditionals="10" coveredconditionals="10" methods="7" coveredmethods="7" elements="30" coveredelements="30" complexity="0" loc="13" ncloc="13" packages="2" files="2" classes="2"/>
    <package name="pruebas">
      <metrics statements="9" coveredstatements="9" conditionals="10" coveredconditionals="10" methods="6" coveredmethods="6"/>
      <file name="logica.js" path="C:\Users\vicen\OneDrive\Documents\Proyecto Desperdicio de Alimentos\pruebas\logica.js">
        <metrics statements="9" coveredstatements="9" conditionals="10" coveredconditionals="10" methods="6" coveredmethods="6"/>
        <line num="2" count="3" type="cond" truecount="2" falsecount="0"/>
        <line num="3" count="2" type="stmt"/>
        <line num="9" count="3" type="stmt"/>
        <line num="13" count="3" type="cond" truecount="2" falsecount="0"/>
        <line num="17" count="4" type="cond" truecount="2" falsecount="0"/>
        <line num="21" count="2" type="stmt"/>
        <line num="25" count="2" type="cond" truecount="4" falsecount="0"/>
        <line num="26" count="1" type="stmt"/>
        <line num="29" count="1" type="stmt"/>
      </file>
    </package>
    <package name="pruebas.pruebas">
      <metrics statements="4" coveredstatements="4" conditionals="0" coveredconditionals="0" methods="1" coveredmethods="1"/>
      <file name="notificador.js" path="C:\Users\vicen\OneDrive\Documents\Proyecto Desperdicio de Alimentos\pruebas\pruebas\notificador.js">
        <metrics statements="4" coveredstatements="4" conditionals="0" coveredconditionals="0" methods="1" coveredmethods="1"/>
        <line num="6" count="4" type="stmt"/>
        <line num="8" count="4" type="stmt"/>
        <line num="13" count="3" type="stmt"/>
        <line num="16" count="1" type="stmt"/>
      </file>
    </package>
  </project>
</coverage>
