TN:
SF:pruebas\logica.js
FN:1,escapar
FN:8,validarEmail
FN:12,validarRol
FN:16,validarCantidad
FN:20,validarFechaVencida
FN:24,generarCodigoQR
FNF:6
FNH:6
FNDA:3,escapar
FNDA:3,validarEmail
FNDA:3,validarRol
FNDA:4,validarCantidad
FNDA:2,validarFechaVencida
FNDA:2,generarCodigoQR
DA:2,3
DA:3,2
DA:9,3
DA:13,3
DA:17,4
DA:21,2
DA:25,2
DA:26,1
DA:29,1
LF:9
LH:9
BRDA:2,0,0,1
BRDA:2,0,1,2
BRDA:13,1,0,3
BRDA:13,1,1,2
BRDA:17,2,0,4
BRDA:17,2,1,3
BRDA:25,3,0,1
BRDA:25,3,1,1
BRDA:25,4,0,2
BRDA:25,4,1,1
BRF:10
BRH:10
end_of_record
TN:
SF:pruebas\pruebas\notificador.js
FN:5,enviarAlerta
FNF:1
FNH:1
FNDA:4,enviarAlerta
DA:6,4
DA:8,4
DA:13,3
DA:16,1
LF:4
LH:4
BRF:0
BRH:0
end_of_record
